This file contains any messages produced by compilers while
running configure, to aid debugging if configure makes a mistake.

It was created by cloudchat configure 1.0, which was
generated by GNU Autoconf 2.72.  Invocation command line was

  $ ./configure --enable-server

## --------- ##
## Platform. ##
## --------- ##

hostname = localhost
uname -m = aarch64
uname -r = 6.2.1-PRoot-Distro
uname -s = Linux
uname -v = #1 SMP PREEMPT Mon Nov 8 21:21:37 CST 2021

/usr/bin/uname -p = unknown
/bin/uname -X     = unknown

/bin/arch              = unknown
/usr/bin/arch -k       = unknown
/usr/convex/getsysinfo = unknown
/usr/bin/hostinfo      = unknown
/bin/machine           = unknown
/usr/bin/oslevel       = unknown
/bin/universe          = unknown

PATH: /usr/local/sbin/
PATH: /usr/local/bin/
PATH: /usr/sbin/
PATH: /usr/bin/
PATH: /sbin/
PATH: /bin/
PATH: /usr/local/games/
PATH: /usr/games/
PATH: /data/data/com.termux/files/usr/bin/
PATH: /system/bin/
PATH: /system/xbin/


## ----------- ##
## Core tests. ##
## ----------- ##

configure:2111: looking for aux files: compile missing install-sh
configure:2124:  trying ./
configure:2153:   ./compile found
configure:2153:   ./missing found
configure:2135:   ./install-sh found
configure:2283: checking for a BSD-compatible install
configure:2357: result: /usr/bin/install -c
configure:2368: checking whether sleep supports fractional seconds
configure:2384: result: yes
configure:2387: checking filesystem timestamp resolution
configure:2522: result: 0.01
configure:2527: checking whether build environment is sane
configure:2568: result: yes
configure:2739: checking for a race-free mkdir -p
configure:2782: result: /usr/sbin/mkdir -p
configure:2789: checking for gawk
configure:2810: found /usr/sbin/gawk
configure:2822: result: gawk
configure:2833: checking whether make sets $(MAKE)
configure:2857: result: yes
configure:2883: checking whether make supports nested variables
configure:2902: result: yes
configure:2916: checking xargs -n works
configure:2932: result: yes
configure:3093: checking for gcc
configure:3114: found /usr/sbin/gcc
configure:3126: result: gcc
configure:3485: checking for C compiler version
configure:3494: gcc --version >&5
gcc (GCC) 14.1.1 20240507
Copyright (C) 2024 Free Software Foundation, Inc.
This is free software; see the source for copying conditions.  There is NO
warranty; not even for MERCHANTABILITY or FITNESS FOR A PARTICULAR PURPOSE.

configure:3505: $? = 0
configure:3494: gcc -v >&5
Using built-in specs.
COLLECT_GCC=gcc
COLLECT_LTO_WRAPPER=/usr/lib/gcc/aarch64-unknown-linux-gnu/14.1.1/lto-wrapper
Target: aarch64-unknown-linux-gnu
Configured with: /build/gcc/src/gcc/configure --enable-languages=c,c++,d,fortran,go,lto,m2,objc,obj-c++,rust --enable-bootstrap --prefix=/usr --libdir=/usr/lib --libexecdir=/usr/lib --mandir=/usr/share/man --infodir=/usr/share/info --with-bugurl=https://github.com/archlinuxarm/PKGBUILDs/issues --with-linker-hash-style=gnu --with-system-zlib --enable-__cxa_atexit --enable-checking=release --enable-clocale=gnu --enable-default-pie --enable-default-ssp --enable-gnu-indirect-function --enable-gnu-unique-object --enable-libstdcxx-backtrace --enable-linker-build-id --enable-lto --enable-plugin --enable-shared --enable-threads=posix --disable-libssp --disable-libstdcxx-pch --disable-multilib --disable-werror --host=aarch64-unknown-linux-gnu --build=aarch64-unknown-linux-gnu --with-arch=armv8-a --enable-fix-cortex-a53-835769 --enable-fix-cortex-a53-843419
Thread model: posix
Supported LTO compression algorithms: zlib zstd
gcc version 14.1.1 20240507 (GCC) 
configure:3505: $? = 0
configure:3494: gcc -V >&5
gcc: error: unrecognized command-line option '-V'
gcc: fatal error: no input files
compilation terminated.
configure:3505: $? = 1
configure:3494: gcc -qversion >&5
gcc: error: unrecognized command-line option '-qversion'; did you mean '--version'?
gcc: fatal error: no input files
compilation terminated.
configure:3505: $? = 1
configure:3494: gcc -version >&5
gcc: error: unrecognized command-line option '-version'
gcc: fatal error: no input files
compilation terminated.
configure:3505: $? = 1
configure:3525: checking whether the C compiler works
configure:3547: gcc    conftest.c  >&5
configure:3551: $? = 0
configure:3602: result: yes
configure:3606: checking for C compiler default output file name
configure:3608: result: a.out
configure:3614: checking for suffix of executables
configure:3621: gcc -o conftest    conftest.c  >&5
configure:3625: $? = 0
configure:3649: result: 
configure:3673: checking whether we are cross compiling
configure:3681: gcc -o conftest    conftest.c  >&5
configure:3685: $? = 0
configure:3692: ./conftest
configure:3696: $? = 0
configure:3711: result: no
configure:3717: checking for suffix of object files
configure:3740: gcc -c   conftest.c >&5
configure:3744: $? = 0
configure:3768: result: o
configure:3772: checking whether the compiler supports GNU C
configure:3792: gcc -c   conftest.c >&5
configure:3792: $? = 0
configure:3804: result: yes
configure:3815: checking whether gcc accepts -g
configure:3836: gcc -c -g  conftest.c >&5
configure:3836: $? = 0
configure:3883: result: yes
configure:3903: checking for gcc option to enable C11 features
configure:3918: gcc  -c -g -O2  conftest.c >&5
configure:3918: $? = 0
configure:3937: result: none needed
configure:4061: checking whether gcc understands -c and -o together
configure:4084: gcc -c conftest.c -o conftest2.o
configure:4087: $? = 0
configure:4084: gcc -c conftest.c -o conftest2.o
configure:4087: $? = 0
configure:4100: result: yes
configure:4120: checking whether make supports the include directive
configure:4135: make -f confmf.GNU && cat confinc.out
this is the am__doit target
configure:4138: $? = 0
configure:4157: result: yes (GNU style)
configure:4183: checking dependency style of gcc
configure:4296: result: gcc3
configure:4481: checking that generated files are newer than configure
configure:4487: result: done
configure:4522: creating ./config.status

## ---------------------- ##
## Running config.status. ##
## ---------------------- ##

This file was extended by cloudchat config.status 1.0, which was
generated by GNU Autoconf 2.72.  Invocation command line was

  CONFIG_FILES    = 
  CONFIG_HEADERS  = 
  CONFIG_LINKS    = 
  CONFIG_COMMANDS = 
  $ ./config.status 

on localhost

config.status:775: creating server/Makefile
config.status:947: executing depfiles commands
config.status:1024: cd server       && sed -e '/# am--include-marker/d' Makefile         | make -f - am--depfiles
config.status:1029: $? = 0

## ---------------- ##
## Cache variables. ##
## ---------------- ##

ac_cv_c_compiler_gnu=yes
ac_cv_env_CC_set=
ac_cv_env_CC_value=
ac_cv_env_CFLAGS_set=
ac_cv_env_CFLAGS_value=
ac_cv_env_CPPFLAGS_set=
ac_cv_env_CPPFLAGS_value=
ac_cv_env_LDFLAGS_set=
ac_cv_env_LDFLAGS_value=
ac_cv_env_LIBS_set=
ac_cv_env_LIBS_value=
ac_cv_env_build_alias_set=
ac_cv_env_build_alias_value=
ac_cv_env_host_alias_set=
ac_cv_env_host_alias_value=
ac_cv_env_target_alias_set=
ac_cv_env_target_alias_value=
ac_cv_objext=o
ac_cv_path_install='/usr/bin/install -c'
ac_cv_path_mkdir=/usr/sbin/mkdir
ac_cv_prog_AWK=gawk
ac_cv_prog_ac_ct_CC=gcc
ac_cv_prog_cc_c11=
ac_cv_prog_cc_g=yes
ac_cv_prog_cc_stdc=
ac_cv_prog_make_make_set=yes
am_cv_CC_dependencies_compiler_type=gcc3
am_cv_filesystem_timestamp_resolution=0.01
am_cv_make_support_nested_variables=yes
am_cv_prog_cc_c_o=yes
am_cv_sleep_fractional_seconds=yes
am_cv_xargs_n_works=yes

## ----------------- ##
## Output variables. ##
## ----------------- ##

ACLOCAL='${SHELL} '\''/home/yukari/CloudChat/missing'\'' aclocal-1.17'
AMDEPBACKSLASH='\'
AMDEP_FALSE='#'
AMDEP_TRUE=''
AMTAR='$${TAR-tar}'
AM_BACKSLASH='\'
AM_DEFAULT_V='$(AM_DEFAULT_VERBOSITY)'
AM_DEFAULT_VERBOSITY='1'
AM_V='$(V)'
AUTOCONF='${SHELL} '\''/home/yukari/CloudChat/missing'\'' autoconf'
AUTOHEADER='${SHELL} '\''/home/yukari/CloudChat/missing'\'' autoheader'
AUTOMAKE='${SHELL} '\''/home/yukari/CloudChat/missing'\'' automake-1.17'
AWK='gawk'
CC='gcc'
CCDEPMODE='depmode=gcc3'
CFLAGS='-Wall'
CPPFLAGS=''
CSCOPE='cscope'
CTAGS='ctags'
CYGPATH_W='echo'
DEFS='-DPACKAGE_NAME=\"cloudchat\" -DPACKAGE_TARNAME=\"cloudchat\" -DPACKAGE_VERSION=\"1.0\" -DPACKAGE_STRING=\"cloudchat\ 1.0\" -DPACKAGE_BUGREPORT=\"\" -DPACKAGE_URL=\"\" -DPACKAGE=\"cloudchat\" -DVERSION=\"1.0\"'
DEPDIR='.deps'
ECHO_C=''
ECHO_N='-n'
ECHO_T=''
ETAGS='etags'
EXEEXT=''
INSTALL_DATA='${INSTALL} -m 644'
INSTALL_PROGRAM='${INSTALL}'
INSTALL_SCRIPT='${INSTALL}'
INSTALL_STRIP_PROGRAM='$(install_sh) -c -s'
LDFLAGS=''
LIBOBJS=''
LIBS='-lpthread'
LTLIBOBJS=''
MAKEINFO='${SHELL} '\''/home/yukari/CloudChat/missing'\'' makeinfo'
MKDIR_P='/usr/sbin/mkdir -p'
OBJEXT='o'
PACKAGE='cloudchat'
PACKAGE_BUGREPORT=''
PACKAGE_NAME='cloudchat'
PACKAGE_STRING='cloudchat 1.0'
PACKAGE_TARNAME='cloudchat'
PACKAGE_URL=''
PACKAGE_VERSION='1.0'
PATH_SEPARATOR=':'
SET_MAKE=''
SHELL='/bin/sh'
STRIP=''
VERSION='1.0'
ac_ct_CC='gcc'
am__EXEEXT_FALSE=''
am__EXEEXT_TRUE='#'
am__fastdepCC_FALSE='#'
am__fastdepCC_TRUE=''
am__include='include'
am__isrc=''
am__leading_dot='.'
am__nodep='_no'
am__quote=''
am__rm_f_notfound=''
am__tar='$${TAR-tar} chof - "$$tardir"'
am__untar='$${TAR-tar} xf -'
am__xargs_n='xargs -n'
bindir='${exec_prefix}/bin'
build_alias=''
datadir='${datarootdir}'
datarootdir='${prefix}/share'
docdir='${datarootdir}/doc/${PACKAGE_TARNAME}'
dvidir='${docdir}'
exec_prefix='${prefix}'
host_alias=''
htmldir='${docdir}'
includedir='${prefix}/include'
infodir='${datarootdir}/info'
install_sh='${SHELL} /home/yukari/CloudChat/install-sh'
libdir='${exec_prefix}/lib'
libexecdir='${exec_prefix}/libexec'
localedir='${datarootdir}/locale'
localstatedir='${prefix}/var'
mandir='${datarootdir}/man'
mkdir_p='$(MKDIR_P)'
oldincludedir='/usr/include'
pdfdir='${docdir}'
prefix='/usr/local'
program_transform_name='s,x,x,'
psdir='${docdir}'
runstatedir='${localstatedir}/run'
sbindir='${exec_prefix}/sbin'
sharedstatedir='${prefix}/com'
sysconfdir='${prefix}/etc'
target_alias=''

## ----------- ##
## confdefs.h. ##
## ----------- ##

/* confdefs.h */
#define PACKAGE_NAME "cloudchat"
#define PACKAGE_TARNAME "cloudchat"
#define PACKAGE_VERSION "1.0"
#define PACKAGE_STRING "cloudchat 1.0"
#define PACKAGE_BUGREPORT ""
#define PACKAGE_URL ""
#define PACKAGE "cloudchat"
#define VERSION "1.0"

configure: exit 0
